{"/Users/RockieGuo/Documents/GIT/k-utils/index.js":{"path":"/Users/RockieGuo/Documents/GIT/k-utils/index.js","s":{"1":1,"2":1,"3":1,"4":1,"5":1,"6":1,"7":1,"8":1,"9":1,"10":9,"11":1,"12":1,"13":2,"14":1,"15":1,"16":1,"17":1,"18":1,"19":1,"20":1,"21":2,"22":2,"23":2,"24":0,"25":2,"26":0,"27":0,"28":2,"29":1,"30":1,"31":0,"32":5,"33":0,"34":5,"35":1,"36":1,"37":1,"38":1,"39":3,"40":3,"41":1,"42":1,"43":1,"44":0,"45":1,"46":1,"47":1,"48":0,"49":0,"50":0,"51":0,"52":0,"53":0,"54":0,"55":1,"56":1,"57":0,"58":1,"59":1,"60":2,"61":3,"62":2,"63":1,"64":1,"65":1,"66":4,"67":7,"68":7,"69":0,"70":7,"71":0,"72":7,"73":14,"74":14,"75":7,"76":3,"77":3,"78":3,"79":3,"80":3,"81":1,"82":2,"83":3,"84":4,"85":4,"86":4,"87":4,"88":2,"89":2,"90":1,"91":1,"92":1,"93":1,"94":4},"b":{"1":[1,0],"2":[0,2],"3":[0,2],"4":[0,0],"5":[0,5],"6":[5,0],"7":[1,4],"8":[0,1],"9":[1,0],"10":[1,0],"11":[0,0],"12":[0,1],"13":[1,1],"14":[0,7],"15":[0,7],"16":[7,2],"17":[1,2],"18":[2,2],"19":[1,1]},"f":{"1":1,"2":9,"3":1,"4":1,"5":2,"6":1,"7":1,"8":1,"9":1,"10":2,"11":1,"12":5,"13":1,"14":1,"15":1,"16":1,"17":2,"18":3,"19":2,"20":1,"21":1,"22":7,"23":14,"24":3,"25":4},"fnMap":{"1":{"name":"(anonymous_1)","line":19,"loc":{"start":{"line":19,"column":15},"end":{"line":19,"column":27}}},"2":{"name":"(anonymous_2)","line":58,"loc":{"start":{"line":58,"column":9},"end":{"line":58,"column":12}}},"3":{"name":"(anonymous_3)","line":65,"loc":{"start":{"line":65,"column":10},"end":{"line":65,"column":13}}},"4":{"name":"(anonymous_4)","line":72,"loc":{"start":{"line":72,"column":12},"end":{"line":72,"column":15}}},"5":{"name":"(anonymous_5)","line":79,"loc":{"start":{"line":79,"column":10},"end":{"line":79,"column":13}}},"6":{"name":"(anonymous_6)","line":86,"loc":{"start":{"line":86,"column":13},"end":{"line":86,"column":16}}},"7":{"name":"(anonymous_7)","line":94,"loc":{"start":{"line":94,"column":10},"end":{"line":94,"column":20}}},"8":{"name":"(anonymous_8)","line":97,"loc":{"start":{"line":97,"column":25},"end":{"line":97,"column":58}}},"9":{"name":"(anonymous_9)","line":109,"loc":{"start":{"line":109,"column":14},"end":{"line":109,"column":20}}},"10":{"name":"(anonymous_10)","line":121,"loc":{"start":{"line":121,"column":8},"end":{"line":121,"column":32}}},"11":{"name":"(anonymous_11)","line":145,"loc":{"start":{"line":145,"column":12},"end":{"line":145,"column":40}}},"12":{"name":"(anonymous_12)","line":157,"loc":{"start":{"line":157,"column":14},"end":{"line":157,"column":46}}},"13":{"name":"(anonymous_13)","line":175,"loc":{"start":{"line":175,"column":17},"end":{"line":175,"column":50}}},"14":{"name":"(anonymous_14)","line":196,"loc":{"start":{"line":196,"column":20},"end":{"line":196,"column":42}}},"15":{"name":"(anonymous_15)","line":224,"loc":{"start":{"line":224,"column":13},"end":{"line":224,"column":39}}},"16":{"name":"(anonymous_16)","line":239,"loc":{"start":{"line":239,"column":19},"end":{"line":239,"column":35}}},"17":{"name":"(anonymous_17)","line":248,"loc":{"start":{"line":248,"column":20},"end":{"line":248,"column":36}}},"18":{"name":"(anonymous_18)","line":257,"loc":{"start":{"line":257,"column":21},"end":{"line":257,"column":37}}},"19":{"name":"(anonymous_19)","line":266,"loc":{"start":{"line":266,"column":22},"end":{"line":266,"column":38}}},"20":{"name":"(anonymous_20)","line":276,"loc":{"start":{"line":276,"column":11},"end":{"line":276,"column":43}}},"21":{"name":"(anonymous_21)","line":285,"loc":{"start":{"line":285,"column":13},"end":{"line":285,"column":28}}},"22":{"name":"(anonymous_22)","line":299,"loc":{"start":{"line":299,"column":20},"end":{"line":299,"column":65}}},"23":{"name":"(anonymous_23)","line":309,"loc":{"start":{"line":309,"column":24},"end":{"line":309,"column":36}}},"24":{"name":"(anonymous_24)","line":324,"loc":{"start":{"line":324,"column":20},"end":{"line":324,"column":58}}},"25":{"name":"(anonymous_25)","line":347,"loc":{"start":{"line":347,"column":19},"end":{"line":347,"column":53}}}},"statementMap":{"1":{"start":{"line":3,"column":0},"end":{"line":3,"column":40}},"2":{"start":{"line":6,"column":0},"end":{"line":6,"column":27}},"3":{"start":{"line":7,"column":0},"end":{"line":7,"column":34}},"4":{"start":{"line":8,"column":0},"end":{"line":8,"column":28}},"5":{"start":{"line":9,"column":0},"end":{"line":9,"column":46}},"6":{"start":{"line":10,"column":0},"end":{"line":10,"column":29}},"7":{"start":{"line":20,"column":8},"end":{"line":20,"column":68}},"8":{"start":{"line":26,"column":8},"end":{"line":26,"column":41}},"9":{"start":{"line":42,"column":0},"end":{"line":364,"column":2}},"10":{"start":{"line":58,"column":14},"end":{"line":58,"column":39}},"11":{"start":{"line":65,"column":15},"end":{"line":65,"column":42}},"12":{"start":{"line":72,"column":17},"end":{"line":72,"column":40}},"13":{"start":{"line":79,"column":15},"end":{"line":79,"column":36}},"14":{"start":{"line":86,"column":18},"end":{"line":86,"column":42}},"15":{"start":{"line":95,"column":8},"end":{"line":95,"column":39}},"16":{"start":{"line":97,"column":8},"end":{"line":101,"column":11}},"17":{"start":{"line":98,"column":12},"end":{"line":98,"column":44}},"18":{"start":{"line":100,"column":12},"end":{"line":100,"column":30}},"19":{"start":{"line":110,"column":8},"end":{"line":110,"column":43}},"20":{"start":{"line":111,"column":8},"end":{"line":111,"column":36}},"21":{"start":{"line":122,"column":8},"end":{"line":122,"column":41}},"22":{"start":{"line":123,"column":8},"end":{"line":123,"column":46}},"23":{"start":{"line":125,"column":8},"end":{"line":127,"column":9}},"24":{"start":{"line":126,"column":12},"end":{"line":126,"column":49}},"25":{"start":{"line":129,"column":8},"end":{"line":133,"column":9}},"26":{"start":{"line":130,"column":12},"end":{"line":132,"column":13}},"27":{"start":{"line":131,"column":16},"end":{"line":131,"column":39}},"28":{"start":{"line":135,"column":8},"end":{"line":135,"column":35}},"29":{"start":{"line":146,"column":8},"end":{"line":146,"column":115}},"30":{"start":{"line":146,"column":54},"end":{"line":146,"column":70}},"31":{"start":{"line":146,"column":88},"end":{"line":146,"column":113}},"32":{"start":{"line":158,"column":8},"end":{"line":158,"column":82}},"33":{"start":{"line":158,"column":75},"end":{"line":158,"column":82}},"34":{"start":{"line":160,"column":8},"end":{"line":162,"column":9}},"35":{"start":{"line":161,"column":12},"end":{"line":161,"column":52}},"36":{"start":{"line":176,"column":8},"end":{"line":176,"column":29}},"37":{"start":{"line":177,"column":8},"end":{"line":177,"column":42}},"38":{"start":{"line":179,"column":8},"end":{"line":183,"column":11}},"39":{"start":{"line":180,"column":12},"end":{"line":182,"column":15}},"40":{"start":{"line":181,"column":16},"end":{"line":181,"column":40}},"41":{"start":{"line":185,"column":8},"end":{"line":185,"column":45}},"42":{"start":{"line":185,"column":32},"end":{"line":185,"column":43}},"43":{"start":{"line":197,"column":8},"end":{"line":197,"column":31}},"44":{"start":{"line":197,"column":20},"end":{"line":197,"column":31}},"45":{"start":{"line":199,"column":8},"end":{"line":205,"column":9}},"46":{"start":{"line":200,"column":12},"end":{"line":202,"column":13}},"47":{"start":{"line":201,"column":16},"end":{"line":201,"column":55}},"48":{"start":{"line":204,"column":12},"end":{"line":204,"column":37}},"49":{"start":{"line":207,"column":8},"end":{"line":207,"column":42}},"50":{"start":{"line":208,"column":8},"end":{"line":213,"column":9}},"51":{"start":{"line":209,"column":12},"end":{"line":209,"column":33}},"52":{"start":{"line":210,"column":12},"end":{"line":210,"column":47}},"53":{"start":{"line":212,"column":12},"end":{"line":212,"column":41}},"54":{"start":{"line":215,"column":8},"end":{"line":215,"column":34}},"55":{"start":{"line":225,"column":8},"end":{"line":225,"column":38}},"56":{"start":{"line":227,"column":8},"end":{"line":229,"column":9}},"57":{"start":{"line":228,"column":12},"end":{"line":228,"column":24}},"58":{"start":{"line":231,"column":8},"end":{"line":231,"column":57}},"59":{"start":{"line":240,"column":8},"end":{"line":240,"column":42}},"60":{"start":{"line":249,"column":8},"end":{"line":249,"column":43}},"61":{"start":{"line":258,"column":8},"end":{"line":258,"column":43}},"62":{"start":{"line":267,"column":8},"end":{"line":267,"column":44}},"63":{"start":{"line":277,"column":8},"end":{"line":277,"column":80}},"64":{"start":{"line":286,"column":8},"end":{"line":286,"column":29}},"65":{"start":{"line":287,"column":8},"end":{"line":287,"column":92}},"66":{"start":{"line":287,"column":51},"end":{"line":287,"column":81}},"67":{"start":{"line":300,"column":8},"end":{"line":301,"column":31}},"68":{"start":{"line":303,"column":8},"end":{"line":305,"column":9}},"69":{"start":{"line":304,"column":12},"end":{"line":304,"column":32}},"70":{"start":{"line":307,"column":8},"end":{"line":307,"column":44}},"71":{"start":{"line":307,"column":32},"end":{"line":307,"column":44}},"72":{"start":{"line":309,"column":8},"end":{"line":312,"column":11}},"73":{"start":{"line":310,"column":12},"end":{"line":310,"column":29}},"74":{"start":{"line":311,"column":12},"end":{"line":311,"column":48}},"75":{"start":{"line":314,"column":8},"end":{"line":314,"column":37}},"76":{"start":{"line":325,"column":8},"end":{"line":325,"column":39}},"77":{"start":{"line":326,"column":8},"end":{"line":326,"column":34}},"78":{"start":{"line":327,"column":8},"end":{"line":327,"column":34}},"79":{"start":{"line":329,"column":8},"end":{"line":335,"column":11}},"80":{"start":{"line":330,"column":12},"end":{"line":334,"column":13}},"81":{"start":{"line":331,"column":16},"end":{"line":331,"column":41}},"82":{"start":{"line":333,"column":16},"end":{"line":333,"column":46}},"83":{"start":{"line":337,"column":8},"end":{"line":337,"column":34}},"84":{"start":{"line":348,"column":8},"end":{"line":348,"column":44}},"85":{"start":{"line":348,"column":25},"end":{"line":348,"column":42}},"86":{"start":{"line":350,"column":8},"end":{"line":350,"column":55}},"87":{"start":{"line":352,"column":8},"end":{"line":360,"column":9}},"88":{"start":{"line":353,"column":12},"end":{"line":353,"column":31}},"89":{"start":{"line":354,"column":15},"end":{"line":360,"column":9}},"90":{"start":{"line":355,"column":12},"end":{"line":355,"column":31}},"91":{"start":{"line":356,"column":12},"end":{"line":356,"column":54}},"92":{"start":{"line":358,"column":12},"end":{"line":358,"column":39}},"93":{"start":{"line":359,"column":12},"end":{"line":359,"column":54}},"94":{"start":{"line":362,"column":8},"end":{"line":362,"column":22}}},"branchMap":{"1":{"line":20,"type":"cond-expr","locations":[{"start":{"line":20,"column":26},"end":{"line":20,"column":35}},{"start":{"line":20,"column":38},"end":{"line":20,"column":66}}]},"2":{"line":125,"type":"if","locations":[{"start":{"line":125,"column":8},"end":{"line":125,"column":8}},{"start":{"line":125,"column":8},"end":{"line":125,"column":8}}]},"3":{"line":129,"type":"if","locations":[{"start":{"line":129,"column":8},"end":{"line":129,"column":8}},{"start":{"line":129,"column":8},"end":{"line":129,"column":8}}]},"4":{"line":146,"type":"binary-expr","locations":[{"start":{"line":146,"column":91},"end":{"line":146,"column":97}},{"start":{"line":146,"column":101},"end":{"line":146,"column":112}}]},"5":{"line":158,"type":"if","locations":[{"start":{"line":158,"column":8},"end":{"line":158,"column":8}},{"start":{"line":158,"column":8},"end":{"line":158,"column":8}}]},"6":{"line":158,"type":"binary-expr","locations":[{"start":{"line":158,"column":12},"end":{"line":158,"column":32}},{"start":{"line":158,"column":36},"end":{"line":158,"column":73}}]},"7":{"line":160,"type":"if","locations":[{"start":{"line":160,"column":8},"end":{"line":160,"column":8}},{"start":{"line":160,"column":8},"end":{"line":160,"column":8}}]},"8":{"line":197,"type":"if","locations":[{"start":{"line":197,"column":8},"end":{"line":197,"column":8}},{"start":{"line":197,"column":8},"end":{"line":197,"column":8}}]},"9":{"line":199,"type":"if","locations":[{"start":{"line":199,"column":8},"end":{"line":199,"column":8}},{"start":{"line":199,"column":8},"end":{"line":199,"column":8}}]},"10":{"line":200,"type":"if","locations":[{"start":{"line":200,"column":12},"end":{"line":200,"column":12}},{"start":{"line":200,"column":12},"end":{"line":200,"column":12}}]},"11":{"line":208,"type":"if","locations":[{"start":{"line":208,"column":8},"end":{"line":208,"column":8}},{"start":{"line":208,"column":8},"end":{"line":208,"column":8}}]},"12":{"line":227,"type":"if","locations":[{"start":{"line":227,"column":8},"end":{"line":227,"column":8}},{"start":{"line":227,"column":8},"end":{"line":227,"column":8}}]},"13":{"line":227,"type":"binary-expr","locations":[{"start":{"line":227,"column":12},"end":{"line":227,"column":18}},{"start":{"line":227,"column":22},"end":{"line":227,"column":40}}]},"14":{"line":303,"type":"if","locations":[{"start":{"line":303,"column":8},"end":{"line":303,"column":8}},{"start":{"line":303,"column":8},"end":{"line":303,"column":8}}]},"15":{"line":307,"type":"if","locations":[{"start":{"line":307,"column":8},"end":{"line":307,"column":8}},{"start":{"line":307,"column":8},"end":{"line":307,"column":8}}]},"16":{"line":314,"type":"binary-expr","locations":[{"start":{"line":314,"column":15},"end":{"line":314,"column":20}},{"start":{"line":314,"column":24},"end":{"line":314,"column":36}}]},"17":{"line":330,"type":"if","locations":[{"start":{"line":330,"column":12},"end":{"line":330,"column":12}},{"start":{"line":330,"column":12},"end":{"line":330,"column":12}}]},"18":{"line":352,"type":"if","locations":[{"start":{"line":352,"column":8},"end":{"line":352,"column":8}},{"start":{"line":352,"column":8},"end":{"line":352,"column":8}}]},"19":{"line":354,"type":"if","locations":[{"start":{"line":354,"column":15},"end":{"line":354,"column":15}},{"start":{"line":354,"column":15},"end":{"line":354,"column":15}}]}}}}