TN:
SF:/Users/RockieGuo/Documents/GIT/k-utils/index.js
FN:19,(anonymous_1)
FN:58,(anonymous_2)
FN:65,(anonymous_3)
FN:72,(anonymous_4)
FN:79,(anonymous_5)
FN:86,(anonymous_6)
FN:94,(anonymous_7)
FN:97,(anonymous_8)
FN:109,(anonymous_9)
FN:121,(anonymous_10)
FN:145,(anonymous_11)
FN:156,(anonymous_12)
FN:174,(anonymous_13)
FN:195,(anonymous_14)
FN:223,(anonymous_15)
FN:238,(anonymous_16)
FN:247,(anonymous_17)
FN:256,(anonymous_18)
FN:265,(anonymous_19)
FN:275,(anonymous_20)
FN:284,(anonymous_21)
FN:298,(anonymous_22)
FN:308,(anonymous_23)
FN:323,(anonymous_24)
FN:346,(anonymous_25)
FNF:25
FNH:25
FNDA:1,(anonymous_1)
FNDA:9,(anonymous_2)
FNDA:1,(anonymous_3)
FNDA:1,(anonymous_4)
FNDA:2,(anonymous_5)
FNDA:1,(anonymous_6)
FNDA:1,(anonymous_7)
FNDA:1,(anonymous_8)
FNDA:1,(anonymous_9)
FNDA:2,(anonymous_10)
FNDA:1,(anonymous_11)
FNDA:5,(anonymous_12)
FNDA:1,(anonymous_13)
FNDA:1,(anonymous_14)
FNDA:1,(anonymous_15)
FNDA:1,(anonymous_16)
FNDA:2,(anonymous_17)
FNDA:3,(anonymous_18)
FNDA:2,(anonymous_19)
FNDA:1,(anonymous_20)
FNDA:1,(anonymous_21)
FNDA:7,(anonymous_22)
FNDA:14,(anonymous_23)
FNDA:3,(anonymous_24)
FNDA:4,(anonymous_25)
DA:3,1
DA:6,1
DA:7,1
DA:8,1
DA:9,1
DA:10,1
DA:20,1
DA:26,1
DA:42,1
DA:58,9
DA:65,1
DA:72,1
DA:79,2
DA:86,1
DA:95,1
DA:97,1
DA:98,1
DA:100,1
DA:110,1
DA:111,1
DA:122,2
DA:123,2
DA:125,2
DA:126,0
DA:129,2
DA:130,0
DA:131,0
DA:135,2
DA:146,1
DA:157,5
DA:159,5
DA:160,1
DA:175,1
DA:176,1
DA:178,1
DA:179,3
DA:180,3
DA:184,1
DA:196,1
DA:198,1
DA:199,1
DA:200,1
DA:203,0
DA:206,0
DA:207,0
DA:208,0
DA:209,0
DA:211,0
DA:214,0
DA:224,1
DA:226,1
DA:227,0
DA:230,1
DA:239,1
DA:248,2
DA:257,3
DA:266,2
DA:276,1
DA:285,1
DA:286,4
DA:299,7
DA:302,7
DA:303,0
DA:306,7
DA:308,7
DA:309,14
DA:310,14
DA:313,7
DA:324,3
DA:325,3
DA:326,3
DA:328,3
DA:329,3
DA:330,1
DA:332,2
DA:336,3
DA:347,4
DA:349,4
DA:351,4
DA:352,2
DA:353,2
DA:354,1
DA:355,1
DA:357,1
DA:358,1
DA:361,4
LF:86
LH:74
BRDA:20,1,0,1
BRDA:20,1,1,0
BRDA:125,2,0,0
BRDA:125,2,1,2
BRDA:129,3,0,0
BRDA:129,3,1,2
BRDA:146,4,0,0
BRDA:146,4,1,0
BRDA:157,5,0,0
BRDA:157,5,1,5
BRDA:157,6,0,5
BRDA:157,6,1,0
BRDA:159,7,0,1
BRDA:159,7,1,4
BRDA:196,8,0,0
BRDA:196,8,1,1
BRDA:198,9,0,1
BRDA:198,9,1,0
BRDA:199,10,0,1
BRDA:199,10,1,0
BRDA:207,11,0,0
BRDA:207,11,1,0
BRDA:226,12,0,0
BRDA:226,12,1,1
BRDA:226,13,0,1
BRDA:226,13,1,1
BRDA:302,14,0,0
BRDA:302,14,1,7
BRDA:306,15,0,0
BRDA:306,15,1,7
BRDA:313,16,0,7
BRDA:313,16,1,2
BRDA:329,17,0,1
BRDA:329,17,1,2
BRDA:351,18,0,2
BRDA:351,18,1,2
BRDA:353,19,0,1
BRDA:353,19,1,1
BRF:38
BRH:23
end_of_record
