TN:
SF:/Users/RockieGuo/Documents/GIT/k-utils/index.js
FN:19,(anonymous_1)
FN:58,(anonymous_2)
FN:65,(anonymous_3)
FN:72,(anonymous_4)
FN:79,(anonymous_5)
FN:86,(anonymous_6)
FN:94,(anonymous_7)
FN:97,(anonymous_8)
FN:109,(anonymous_9)
FN:121,(anonymous_10)
FN:145,(anonymous_11)
FN:157,(anonymous_12)
FN:175,(anonymous_13)
FN:196,(anonymous_14)
FN:224,(anonymous_15)
FN:239,(anonymous_16)
FN:248,(anonymous_17)
FN:257,(anonymous_18)
FN:266,(anonymous_19)
FN:276,(anonymous_20)
FN:285,(anonymous_21)
FN:299,(anonymous_22)
FN:309,(anonymous_23)
FN:324,(anonymous_24)
FN:347,(anonymous_25)
FNF:25
FNH:25
FNDA:1,(anonymous_1)
FNDA:9,(anonymous_2)
FNDA:1,(anonymous_3)
FNDA:1,(anonymous_4)
FNDA:2,(anonymous_5)
FNDA:1,(anonymous_6)
FNDA:1,(anonymous_7)
FNDA:1,(anonymous_8)
FNDA:1,(anonymous_9)
FNDA:2,(anonymous_10)
FNDA:1,(anonymous_11)
FNDA:5,(anonymous_12)
FNDA:1,(anonymous_13)
FNDA:1,(anonymous_14)
FNDA:1,(anonymous_15)
FNDA:1,(anonymous_16)
FNDA:2,(anonymous_17)
FNDA:3,(anonymous_18)
FNDA:2,(anonymous_19)
FNDA:1,(anonymous_20)
FNDA:1,(anonymous_21)
FNDA:7,(anonymous_22)
FNDA:14,(anonymous_23)
FNDA:3,(anonymous_24)
FNDA:4,(anonymous_25)
DA:3,1
DA:6,1
DA:7,1
DA:8,1
DA:9,1
DA:10,1
DA:20,1
DA:26,1
DA:42,1
DA:58,9
DA:65,1
DA:72,1
DA:79,2
DA:86,1
DA:95,1
DA:97,1
DA:98,1
DA:100,1
DA:110,1
DA:111,1
DA:122,2
DA:123,2
DA:125,2
DA:126,0
DA:129,2
DA:130,0
DA:131,0
DA:135,2
DA:146,1
DA:158,5
DA:160,5
DA:161,1
DA:176,1
DA:177,1
DA:179,1
DA:180,3
DA:181,3
DA:185,1
DA:197,1
DA:199,1
DA:200,1
DA:201,1
DA:204,0
DA:207,0
DA:208,0
DA:209,0
DA:210,0
DA:212,0
DA:215,0
DA:225,1
DA:227,1
DA:228,0
DA:231,1
DA:240,1
DA:249,2
DA:258,3
DA:267,2
DA:277,1
DA:286,1
DA:287,4
DA:300,7
DA:303,7
DA:304,0
DA:307,7
DA:309,7
DA:310,14
DA:311,14
DA:314,7
DA:325,3
DA:326,3
DA:327,3
DA:329,3
DA:330,3
DA:331,1
DA:333,2
DA:337,3
DA:348,4
DA:350,4
DA:352,4
DA:353,2
DA:354,2
DA:355,1
DA:356,1
DA:358,1
DA:359,1
DA:362,4
LF:86
LH:74
BRDA:20,1,0,1
BRDA:20,1,1,0
BRDA:125,2,0,0
BRDA:125,2,1,2
BRDA:129,3,0,0
BRDA:129,3,1,2
BRDA:146,4,0,0
BRDA:146,4,1,0
BRDA:158,5,0,0
BRDA:158,5,1,5
BRDA:158,6,0,5
BRDA:158,6,1,0
BRDA:160,7,0,1
BRDA:160,7,1,4
BRDA:197,8,0,0
BRDA:197,8,1,1
BRDA:199,9,0,1
BRDA:199,9,1,0
BRDA:200,10,0,1
BRDA:200,10,1,0
BRDA:208,11,0,0
BRDA:208,11,1,0
BRDA:227,12,0,0
BRDA:227,12,1,1
BRDA:227,13,0,1
BRDA:227,13,1,1
BRDA:303,14,0,0
BRDA:303,14,1,7
BRDA:307,15,0,0
BRDA:307,15,1,7
BRDA:314,16,0,7
BRDA:314,16,1,2
BRDA:330,17,0,1
BRDA:330,17,1,2
BRDA:352,18,0,2
BRDA:352,18,1,2
BRDA:354,19,0,1
BRDA:354,19,1,1
BRF:38
BRH:23
end_of_record
